The system is: Windows - 10.0.19042 - AMD64
Compiling the C compiler identification source file "CMakeCCompilerId.c" succeeded.
Compiler: C:/Program Files/Microsoft Visual Studio/2022/Community/VC/Tools/MSVC/14.30.30705/bin/Hostx86/x86/cl.exe 
Build flags: 
Id flags:  

The output was:
0
Оптимизирующий компилятор Microsoft (R) C/C++ версии 19.30.30705 для x86
(C) Корпорация Майкрософт (Microsoft Corporation).  Все права защищены.

CMakeCCompilerId.c
Microsoft (R) Incremental Linker Version 14.30.30705.0
Copyright (C) Microsoft Corporation.  All rights reserved.

/out:CMakeCCompilerId.exe 
CMakeCCompilerId.obj 


Compilation of the C compiler identification source "CMakeCCompilerId.c" produced "CMakeCCompilerId.exe"

Compilation of the C compiler identification source "CMakeCCompilerId.c" produced "CMakeCCompilerId.obj"

The C compiler identification is MSVC, found in "P:/visual studio/CourseProjects/CourseProject4and6/cmake-build-debug/CMakeFiles/3.22.0-rc1/CompilerIdC/CMakeCCompilerId.exe"

Compiling the CXX compiler identification source file "CMakeCXXCompilerId.cpp" succeeded.
Compiler: C:/Program Files/Microsoft Visual Studio/2022/Community/VC/Tools/MSVC/14.30.30705/bin/Hostx86/x86/cl.exe 
Build flags: 
Id flags:  

The output was:
0
Оптимизирующий компилятор Microsoft (R) C/C++ версии 19.30.30705 для x86
(C) Корпорация Майкрософт (Microsoft Corporation).  Все права защищены.

CMakeCXXCompilerId.cpp
Microsoft (R) Incremental Linker Version 14.30.30705.0
Copyright (C) Microsoft Corporation.  All rights reserved.

/out:CMakeCXXCompilerId.exe 
CMakeCXXCompilerId.obj 


Compilation of the CXX compiler identification source "CMakeCXXCompilerId.cpp" produced "CMakeCXXCompilerId.exe"

Compilation of the CXX compiler identification source "CMakeCXXCompilerId.cpp" produced "CMakeCXXCompilerId.obj"

The CXX compiler identification is MSVC, found in "P:/visual studio/CourseProjects/CourseProject4and6/cmake-build-debug/CMakeFiles/3.22.0-rc1/CompilerIdCXX/CMakeCXXCompilerId.exe"

Detecting C compiler ABI info compiled with the following output:
Change Dir: P:/visual studio/CourseProjects/CourseProject4and6/cmake-build-debug/CMakeFiles/CMakeTmp

Run Build Command(s):nmake -f Makefile /nologo cmTC_a2d6e\fast && 	"C:\Program Files\Microsoft Visual Studio\2022\Community\VC\Tools\MSVC\14.30.30705\bin\HostX86\x86\nmake.exe"  -f CMakeFiles\cmTC_a2d6e.dir\build.make /nologo -L                  CMakeFiles\cmTC_a2d6e.dir\build
Building C object CMakeFiles/cmTC_a2d6e.dir/CMakeCCompilerABI.c.obj
	"C:\Program Files\CMake\bin\cmake.exe" -E cmake_cl_compile_depends --dep-file=CMakeFiles\cmTC_a2d6e.dir\CMakeCCompilerABI.c.obj.d --working-dir="P:\visual studio\CourseProjects\CourseProject4and6\cmake-build-debug\CMakeFiles\CMakeTmp" --filter-prefix="" -- C:\PROGRA~1\MICROS~3\2022\COMMUN~1\VC\Tools\MSVC\1430~1.307\bin\Hostx86\x86\cl.exe @C:\Users\artom\AppData\Local\Temp\nm1D3C.tmp
Linking C executable cmTC_a2d6e.exe
	"C:\Program Files\CMake\bin\cmake.exe" -E vs_link_exe --intdir=CMakeFiles\cmTC_a2d6e.dir --rc=C:\PROGRA~2\WI3CF2~1\10\bin\100190~1.0\x86\rc.exe --mt=C:\PROGRA~2\WI3CF2~1\10\bin\100190~1.0\x86\mt.exe --manifests -- C:\PROGRA~1\MICROS~3\2022\COMMUN~1\VC\Tools\MSVC\1430~1.307\bin\Hostx86\x86\link.exe /nologo @CMakeFiles\cmTC_a2d6e.dir\objects1.rsp @C:\Users\artom\AppData\Local\Temp\nm1E08.tmp



Detecting CXX compiler ABI info compiled with the following output:
Change Dir: P:/visual studio/CourseProjects/CourseProject4and6/cmake-build-debug/CMakeFiles/CMakeTmp

Run Build Command(s):nmake -f Makefile /nologo cmTC_d935c\fast && 	"C:\Program Files\Microsoft Visual Studio\2022\Community\VC\Tools\MSVC\14.30.30705\bin\HostX86\x86\nmake.exe"  -f CMakeFiles\cmTC_d935c.dir\build.make /nologo -L                  CMakeFiles\cmTC_d935c.dir\build
Building CXX object CMakeFiles/cmTC_d935c.dir/CMakeCXXCompilerABI.cpp.obj
	"C:\Program Files\CMake\bin\cmake.exe" -E cmake_cl_compile_depends --dep-file=CMakeFiles\cmTC_d935c.dir\CMakeCXXCompilerABI.cpp.obj.d --working-dir="P:\visual studio\CourseProjects\CourseProject4and6\cmake-build-debug\CMakeFiles\CMakeTmp" --filter-prefix="" -- C:\PROGRA~1\MICROS~3\2022\COMMUN~1\VC\Tools\MSVC\1430~1.307\bin\Hostx86\x86\cl.exe @C:\Users\artom\AppData\Local\Temp\nm24CD.tmp
Linking CXX executable cmTC_d935c.exe
	"C:\Program Files\CMake\bin\cmake.exe" -E vs_link_exe --intdir=CMakeFiles\cmTC_d935c.dir --rc=C:\PROGRA~2\WI3CF2~1\10\bin\100190~1.0\x86\rc.exe --mt=C:\PROGRA~2\WI3CF2~1\10\bin\100190~1.0\x86\mt.exe --manifests -- C:\PROGRA~1\MICROS~3\2022\COMMUN~1\VC\Tools\MSVC\1430~1.307\bin\Hostx86\x86\link.exe /nologo @CMakeFiles\cmTC_d935c.dir\objects1.rsp @C:\Users\artom\AppData\Local\Temp\nm258A.tmp



