The system is: Windows - 10.0.19042 - AMD64
Compiling the C compiler identification source file "CMakeCCompilerId.c" succeeded.
Compiler: C:/Program Files/Microsoft Visual Studio/2022/Community/VC/Tools/MSVC/14.30.30705/bin/Hostx86/x86/cl.exe 
Build flags: 
Id flags:  

The output was:
0
Оптимизирующий компилятор Microsoft (R) C/C++ версии 19.30.30705 для x86
(C) Корпорация Майкрософт (Microsoft Corporation).  Все права защищены.

CMakeCCompilerId.c
Microsoft (R) Incremental Linker Version 14.30.30705.0
Copyright (C) Microsoft Corporation.  All rights reserved.

/out:CMakeCCompilerId.exe 
CMakeCCompilerId.obj 


Compilation of the C compiler identification source "CMakeCCompilerId.c" produced "CMakeCCompilerId.exe"

Compilation of the C compiler identification source "CMakeCCompilerId.c" produced "CMakeCCompilerId.obj"

The C compiler identification is MSVC, found in "P:/visual studio/CourseProjects/CourseProject9/cmake-build-debug/CMakeFiles/3.20.2/CompilerIdC/CMakeCCompilerId.exe"

Compiling the CXX compiler identification source file "CMakeCXXCompilerId.cpp" succeeded.
Compiler: C:/Program Files/Microsoft Visual Studio/2022/Community/VC/Tools/MSVC/14.30.30705/bin/Hostx86/x86/cl.exe 
Build flags: 
Id flags:  

The output was:
0
Оптимизирующий компилятор Microsoft (R) C/C++ версии 19.30.30705 для x86
(C) Корпорация Майкрософт (Microsoft Corporation).  Все права защищены.

CMakeCXXCompilerId.cpp
Microsoft (R) Incremental Linker Version 14.30.30705.0
Copyright (C) Microsoft Corporation.  All rights reserved.

/out:CMakeCXXCompilerId.exe 
CMakeCXXCompilerId.obj 


Compilation of the CXX compiler identification source "CMakeCXXCompilerId.cpp" produced "CMakeCXXCompilerId.exe"

Compilation of the CXX compiler identification source "CMakeCXXCompilerId.cpp" produced "CMakeCXXCompilerId.obj"

The CXX compiler identification is MSVC, found in "P:/visual studio/CourseProjects/CourseProject9/cmake-build-debug/CMakeFiles/3.20.2/CompilerIdCXX/CMakeCXXCompilerId.exe"

Detecting C compiler ABI info compiled with the following output:
Change Dir: P:/visual studio/CourseProjects/CourseProject9/cmake-build-debug/CMakeFiles/CMakeTmp

Run Build Command(s):nmake -f Makefile /nologo cmTC_30bbe\fast && 	"C:\Program Files\Microsoft Visual Studio\2022\Community\VC\Tools\MSVC\14.30.30705\bin\HostX86\x86\nmake.exe"  -f CMakeFiles\cmTC_30bbe.dir\build.make /nologo -L                  CMakeFiles\cmTC_30bbe.dir\build
Building C object CMakeFiles/cmTC_30bbe.dir/CMakeCCompilerABI.c.obj
	"E:\CLion 2021.2.3\bin\cmake\win\bin\cmake.exe" -E cmake_cl_compile_depends --dep-file=CMakeFiles\cmTC_30bbe.dir\CMakeCCompilerABI.c.obj.d --working-dir="P:\visual studio\CourseProjects\CourseProject9\cmake-build-debug\CMakeFiles\CMakeTmp" --filter-prefix="" -- C:\PROGRA~1\MICROS~3\2022\COMMUN~1\VC\Tools\MSVC\1430~1.307\bin\Hostx86\x86\cl.exe @C:\Users\artom\AppData\Local\Temp\nm3967.tmp
Linking C executable cmTC_30bbe.exe
	"E:\CLion 2021.2.3\bin\cmake\win\bin\cmake.exe" -E vs_link_exe --intdir=CMakeFiles\cmTC_30bbe.dir --rc=C:\PROGRA~2\WI3CF2~1\10\bin\100190~1.0\x86\rc.exe --mt=C:\PROGRA~2\WI3CF2~1\10\bin\100190~1.0\x86\mt.exe --manifests -- C:\PROGRA~1\MICROS~3\2022\COMMUN~1\VC\Tools\MSVC\1430~1.307\bin\Hostx86\x86\link.exe /nologo @CMakeFiles\cmTC_30bbe.dir\objects1.rsp @C:\Users\artom\AppData\Local\Temp\nm3B4D.tmp



Detecting CXX compiler ABI info compiled with the following output:
Change Dir: P:/visual studio/CourseProjects/CourseProject9/cmake-build-debug/CMakeFiles/CMakeTmp

Run Build Command(s):nmake -f Makefile /nologo cmTC_4cd36\fast && 	"C:\Program Files\Microsoft Visual Studio\2022\Community\VC\Tools\MSVC\14.30.30705\bin\HostX86\x86\nmake.exe"  -f CMakeFiles\cmTC_4cd36.dir\build.make /nologo -L                  CMakeFiles\cmTC_4cd36.dir\build
Building CXX object CMakeFiles/cmTC_4cd36.dir/CMakeCXXCompilerABI.cpp.obj
	"E:\CLion 2021.2.3\bin\cmake\win\bin\cmake.exe" -E cmake_cl_compile_depends --dep-file=CMakeFiles\cmTC_4cd36.dir\CMakeCXXCompilerABI.cpp.obj.d --working-dir="P:\visual studio\CourseProjects\CourseProject9\cmake-build-debug\CMakeFiles\CMakeTmp" --filter-prefix="" -- C:\PROGRA~1\MICROS~3\2022\COMMUN~1\VC\Tools\MSVC\1430~1.307\bin\Hostx86\x86\cl.exe @C:\Users\artom\AppData\Local\Temp\nm452F.tmp
Linking CXX executable cmTC_4cd36.exe
	"E:\CLion 2021.2.3\bin\cmake\win\bin\cmake.exe" -E vs_link_exe --intdir=CMakeFiles\cmTC_4cd36.dir --rc=C:\PROGRA~2\WI3CF2~1\10\bin\100190~1.0\x86\rc.exe --mt=C:\PROGRA~2\WI3CF2~1\10\bin\100190~1.0\x86\mt.exe --manifests -- C:\PROGRA~1\MICROS~3\2022\COMMUN~1\VC\Tools\MSVC\1430~1.307\bin\Hostx86\x86\link.exe /nologo @CMakeFiles\cmTC_4cd36.dir\objects1.rsp @C:\Users\artom\AppData\Local\Temp\nm46C6.tmp



